0 info it worked if it ends with ok
1 verbose cli [ '/home/lucian/workspace/java/microshop/ui/target/node/node',
1 verbose cli   '/home/lucian/workspace/java/microshop/ui/target/node/node_modules/npm/bin/npm-cli.js',
1 verbose cli   'run-script',
1 verbose cli   'mavenbuild' ]
2 info using npm@3.7.1
3 info using node@v5.7.0
4 verbose run-script [ 'premavenbuild', 'mavenbuild', 'postmavenbuild' ]
5 info lifecycle webapp@0.0.1~premavenbuild: webapp@0.0.1
6 silly lifecycle webapp@0.0.1~premavenbuild: no script for premavenbuild, continuing
7 info lifecycle webapp@0.0.1~mavenbuild: webapp@0.0.1
8 verbose lifecycle webapp@0.0.1~mavenbuild: unsafe-perm in lifecycle true
9 verbose lifecycle webapp@0.0.1~mavenbuild: PATH: /home/lucian/workspace/java/microshop/ui/target/node/node_modules/npm/bin/node-gyp-bin:/home/lucian/workspace/java/microshop/ui/src/main/webapp/node_modules/.bin:/home/lucian/workspace/java/microshop/ui/target/node:/home/lucian/workspace/java/microshop/ui/target/node:/home/lucian/.jenv/versions/oracle64-1.8.0.91/bin:/home/lucian/.jenv/libexec:/home/lucian/workspace/prediption/PredictionIO-0.10.0-incubating/bin:/home/lucian/.nvm/versions/node/v8.2.0/bin:/home/lucian/.jenv/shims:/home/lucian/.jenv/bin:/home/lucian/workspace/rewe/docker-dev-environment/bin:/usr/local/heroku/bin:/home/lucian/.jenv/shims:/home/lucian/.jenv/bin:/home/lucian/bin:/home/lucian/workspace/prediption/PredictionIO-0.10.0-incubating/bin:/home/lucian/.jenv/shims:/home/lucian/.jenv/bin:/home/lucian/workspace/rewe/docker-dev-environment/bin:/usr/local/heroku/bin:/home/lucian/.jenv/shims:/home/lucian/.jenv/bin:/home/lucian/bin:/usr/local/sbin:/usr/local/bin:/usr/sbin:/usr/bin:/sbin:/bin:/usr/games:/usr/local/games:/snap/bin:/snap/bin:
10 verbose lifecycle webapp@0.0.1~mavenbuild: CWD: /home/lucian/workspace/java/microshop/ui/src/main/webapp
11 silly lifecycle webapp@0.0.1~mavenbuild: Args: [ '-c', 'node ./node_modules/angular-cli/bin/ng build' ]
12 silly lifecycle webapp@0.0.1~mavenbuild: Returned: code: 1  signal: null
13 info lifecycle webapp@0.0.1~mavenbuild: Failed to exec mavenbuild script
14 verbose stack Error: webapp@0.0.1 mavenbuild: `node ./node_modules/angular-cli/bin/ng build`
14 verbose stack Exit status 1
14 verbose stack     at EventEmitter.<anonymous> (/home/lucian/workspace/java/microshop/ui/target/node/node_modules/npm/lib/utils/lifecycle.js:239:16)
14 verbose stack     at emitTwo (events.js:100:13)
14 verbose stack     at EventEmitter.emit (events.js:185:7)
14 verbose stack     at ChildProcess.<anonymous> (/home/lucian/workspace/java/microshop/ui/target/node/node_modules/npm/lib/utils/spawn.js:24:14)
14 verbose stack     at emitTwo (events.js:100:13)
14 verbose stack     at ChildProcess.emit (events.js:185:7)
14 verbose stack     at maybeClose (internal/child_process.js:827:16)
14 verbose stack     at Process.ChildProcess._handle.onexit (internal/child_process.js:211:5)
15 verbose pkgid webapp@0.0.1
16 verbose cwd /home/lucian/workspace/java/microshop/ui/src/main/webapp
17 error Linux 4.4.0-96-generic
18 error argv "/home/lucian/workspace/java/microshop/ui/target/node/node" "/home/lucian/workspace/java/microshop/ui/target/node/node_modules/npm/bin/npm-cli.js" "run-script" "mavenbuild"
19 error node v5.7.0
20 error npm  v3.7.1
21 error code ELIFECYCLE
22 error webapp@0.0.1 mavenbuild: `node ./node_modules/angular-cli/bin/ng build`
22 error Exit status 1
23 error Failed at the webapp@0.0.1 mavenbuild script 'node ./node_modules/angular-cli/bin/ng build'.
23 error Make sure you have the latest version of node.js and npm installed.
23 error If you do, this is most likely a problem with the webapp package,
23 error not with npm itself.
23 error Tell the author that this fails on your system:
23 error     node ./node_modules/angular-cli/bin/ng build
23 error You can get information on how to open an issue for this project with:
23 error     npm bugs webapp
23 error Or if that isn't available, you can get their info via:
23 error     npm owner ls webapp
23 error There is likely additional logging output above.
24 verbose exit [ 1, true ]
